<?xml version="1.0" encoding="UTF-8"?>
<!-- Generated by org.testng.reporters.JUnitXMLReporter -->
<testsuite ignored="0" hostname="DESKTOP-F85V01K" failures="0" tests="6" name="Surefire test" time="68.764" errors="0" timestamp="2023-12-04T18:14:39 IST">
  <testcase classname="Practice.Testclasss" name="Testloginpage" time="27.079"/>
  <testcase classname="Practice.TestLoginPage" name="Testloginpage" time="5.532"/>
  <testcase classname="Practice.TestLoginPage" name="Testloginpage" time="5.922"/>
  <testcase classname="Practice.TestLoginPage" name="Testloginpage" time="6.335"/>
  <testcase classname="Practice.TestLoginPage" name="Testloginpage" time="5.18"/>
  <testcase classname="Practice.TestLoginPage" name="Testloginpage" time="5.543"/>
</testsuite> <!-- Surefire test -->
