<?xml version="1.0" encoding="UTF-8"?>
<testng-results ignored="0" total="6" passed="6" failed="0" skipped="0">
  <reporter-output>
  </reporter-output>
  <suite started-at="2023-12-04T18:13:30 IST" name="Surefire suite" finished-at="2023-12-04T18:14:39 IST" duration-ms="68764">
    <groups>
    </groups>
    <test started-at="2023-12-04T18:13:30 IST" name="Surefire test" finished-at="2023-12-04T18:14:39 IST" duration-ms="68764">
      <class name="Practice.TestLoginPage">
        <test-method is-config="true" signature="Propertiesofile()[pri:0, instance:Practice.TestLoginPage@1d119efb]" started-at="2023-12-04T18:14:00 IST" name="Propertiesofile" finished-at="2023-12-04T18:14:00 IST" duration-ms="1" status="PASS">
          <reporter-output>
          </reporter-output>
        </test-method> <!-- Propertiesofile -->
        <test-method is-config="true" signature="BrowserOpening()[pri:0, instance:Practice.TestLoginPage@1d119efb]" started-at="2023-12-04T18:14:03 IST" name="BrowserOpening" finished-at="2023-12-04T18:14:04 IST" duration-ms="1549" status="PASS">
          <reporter-output>
          </reporter-output>
        </test-method> <!-- BrowserOpening -->
        <test-method signature="Testloginpage(java.lang.String,java.lang.String)[pri:0, instance:Practice.TestLoginPage@1d119efb]" started-at="2023-12-04T18:14:04 IST" name="Testloginpage" data-provider="testdata" finished-at="2023-12-04T18:14:10 IST" duration-ms="5532" status="PASS">
          <params>
            <param index="0">
              <value>
                <![CDATA[manikanta1]]>
              </value>
            </param>
            <param index="1">
              <value>
                <![CDATA[password1]]>
              </value>
            </param>
          </params>
          <reporter-output>
          </reporter-output>
        </test-method> <!-- Testloginpage -->
        <test-method is-config="true" signature="BrowserOpening()[pri:0, instance:Practice.TestLoginPage@1d119efb]" started-at="2023-12-04T18:14:10 IST" name="BrowserOpening" finished-at="2023-12-04T18:14:11 IST" duration-ms="1626" status="PASS">
          <reporter-output>
          </reporter-output>
        </test-method> <!-- BrowserOpening -->
        <test-method signature="Testloginpage(java.lang.String,java.lang.String)[pri:0, instance:Practice.TestLoginPage@1d119efb]" started-at="2023-12-04T18:14:11 IST" name="Testloginpage" data-provider="testdata" finished-at="2023-12-04T18:14:17 IST" duration-ms="5922" status="PASS">
          <params>
            <param index="0">
              <value>
                <![CDATA[manikanta2]]>
              </value>
            </param>
            <param index="1">
              <value>
                <![CDATA[password2]]>
              </value>
            </param>
          </params>
          <reporter-output>
          </reporter-output>
        </test-method> <!-- Testloginpage -->
        <test-method is-config="true" signature="BrowserOpening()[pri:0, instance:Practice.TestLoginPage@1d119efb]" started-at="2023-12-04T18:14:17 IST" name="BrowserOpening" finished-at="2023-12-04T18:14:19 IST" duration-ms="1596" status="PASS">
          <reporter-output>
          </reporter-output>
        </test-method> <!-- BrowserOpening -->
        <test-method signature="Testloginpage(java.lang.String,java.lang.String)[pri:0, instance:Practice.TestLoginPage@1d119efb]" started-at="2023-12-04T18:14:19 IST" name="Testloginpage" data-provider="testdata" finished-at="2023-12-04T18:14:25 IST" duration-ms="6335" status="PASS">
          <params>
            <param index="0">
              <value>
                <![CDATA[student]]>
              </value>
            </param>
            <param index="1">
              <value>
                <![CDATA[Password123]]>
              </value>
            </param>
          </params>
          <reporter-output>
          </reporter-output>
        </test-method> <!-- Testloginpage -->
        <test-method is-config="true" signature="BrowserOpening()[pri:0, instance:Practice.TestLoginPage@1d119efb]" started-at="2023-12-04T18:14:25 IST" name="BrowserOpening" finished-at="2023-12-04T18:14:27 IST" duration-ms="1604" status="PASS">
          <reporter-output>
          </reporter-output>
        </test-method> <!-- BrowserOpening -->
        <test-method signature="Testloginpage(java.lang.String,java.lang.String)[pri:0, instance:Practice.TestLoginPage@1d119efb]" started-at="2023-12-04T18:14:27 IST" name="Testloginpage" data-provider="testdata" finished-at="2023-12-04T18:14:32 IST" duration-ms="5180" status="PASS">
          <params>
            <param index="0">
              <value>
                <![CDATA[student]]>
              </value>
            </param>
            <param index="1">
              <value>
                <![CDATA[incorrectPassword]]>
              </value>
            </param>
          </params>
          <reporter-output>
          </reporter-output>
        </test-method> <!-- Testloginpage -->
        <test-method is-config="true" signature="BrowserOpening()[pri:0, instance:Practice.TestLoginPage@1d119efb]" started-at="2023-12-04T18:14:32 IST" name="BrowserOpening" finished-at="2023-12-04T18:14:34 IST" duration-ms="1630" status="PASS">
          <reporter-output>
          </reporter-output>
        </test-method> <!-- BrowserOpening -->
        <test-method signature="Testloginpage(java.lang.String,java.lang.String)[pri:0, instance:Practice.TestLoginPage@1d119efb]" started-at="2023-12-04T18:14:34 IST" name="Testloginpage" data-provider="testdata" finished-at="2023-12-04T18:14:39 IST" duration-ms="5543" status="PASS">
          <params>
            <param index="0">
              <value>
                <![CDATA[manikanta]]>
              </value>
            </param>
            <param index="1">
              <value>
                <![CDATA[Password123]]>
              </value>
            </param>
          </params>
          <reporter-output>
          </reporter-output>
        </test-method> <!-- Testloginpage -->
      </class> <!-- Practice.TestLoginPage -->
      <class name="Practice.Testclasss">
        <test-method is-config="true" signature="Propertiesofile()[pri:0, instance:Practice.Testclasss@6ef888f6]" started-at="2023-12-04T18:13:30 IST" name="Propertiesofile" finished-at="2023-12-04T18:13:31 IST" duration-ms="24" status="PASS">
          <reporter-output>
          </reporter-output>
        </test-method> <!-- Propertiesofile -->
        <test-method is-config="true" signature="BrowserOpening()[pri:0, instance:Practice.Testclasss@6ef888f6]" started-at="2023-12-04T18:13:31 IST" name="BrowserOpening" finished-at="2023-12-04T18:13:33 IST" duration-ms="2846" status="PASS">
          <reporter-output>
          </reporter-output>
        </test-method> <!-- BrowserOpening -->
        <test-method signature="Testloginpage()[pri:0, instance:Practice.Testclasss@6ef888f6]" started-at="2023-12-04T18:13:33 IST" name="Testloginpage" finished-at="2023-12-04T18:14:00 IST" duration-ms="27079" status="PASS">
          <reporter-output>
          </reporter-output>
        </test-method> <!-- Testloginpage -->
      </class> <!-- Practice.Testclasss -->
    </test> <!-- Surefire test -->
  </suite> <!-- Surefire suite -->
</testng-results>
