<?xml version="1.0" encoding="UTF-8"?>
<testng-results ignored="0" total="1" passed="1" failed="0" skipped="0">
  <reporter-output>
  </reporter-output>
  <suite started-at="2023-12-04T17:53:43 IST" name="Default suite" finished-at="2023-12-04T17:53:50 IST" duration-ms="6776">
    <groups>
    </groups>
    <test started-at="2023-12-04T17:53:43 IST" name="Default test" finished-at="2023-12-04T17:53:50 IST" duration-ms="6776">
      <class name="actionskeyword.DragAndDrop">
        <test-method signature="testCase1()[pri:0, instance:actionskeyword.DragAndDrop@4c583ecf]" started-at="2023-12-04T17:53:43 IST" name="testCase1" finished-at="2023-12-04T17:53:50 IST" duration-ms="6687" status="PASS">
          <reporter-output>
          </reporter-output>
        </test-method> <!-- testCase1 -->
      </class> <!-- actionskeyword.DragAndDrop -->
    </test> <!-- Default test -->
  </suite> <!-- Default suite -->
</testng-results>
